[18:32:55] DEBUG Debug mode enabled!
[18:32:55] INFO Starting Caspar CG Gateway...
[18:32:55] INFO casparcg.config read.
[18:32:55] INFO Starting media scanner...
[18:32:55] INFO Starting Caspar CG process...
[18:32:55] INFO Setting caspar path to: /home/simme/caspar/server/casparcg_server/
[18:32:55] INFO Starting incoming handler...
[18:32:55] INFO (API) Loading routes...
[18:32:55] DEBUG (API) Loaded route: GET /version
[18:32:55] DEBUG (API) Loaded route: ACTION /caspar/stop
[18:32:55] DEBUG (API) Loaded route: GET /caspar/status
[18:32:55] DEBUG (API) Loaded route: ACTION /caspar/start
[18:32:55] DEBUG (API) Loaded route: ACTION /caspar/restart
[18:32:55] DEBUG (API) Loaded route: GET /caspar/logs
[18:32:55] INFO Starting bonjour discovery service...
[18:32:55] DEBUG (CasparCG) Type "q" to close application.

[18:32:55] DEBUG (CasparCG) Logging [info] or higher severity to log/

[2023-09-09 18:32:55.568] [info]    ############################################################################
[2023-09-09 18:32:55.568] [info]    CasparCG Server is distributed by the Swedish Broadcasting Corporation (SVT)
[2023-09-09 18:32:55.568] [info]    under the GNU General Public License GPLv3 or higher.
[2023-09-09 18:32:55.568] [info]    Please see LICENSE.TXT for details.
[2023-09-09 18:32:55.568] [info]    http://www.casparcg.com/
[2023-09-09 18:32:55.568] [info]    ############################################################################
[2023-09-09 18:32:55.568] [info]    Starting CasparCG Video and Graphics Playout Server 2.4.0 N/A Dev

[18:32:55] DEBUG (CasparCG) [2023-09-09 18:32:55.569] [info]    "/home/simme/caspar/server/casparcg_server/casparcg.config":
[2023-09-09 18:32:55.569] [info]    -----------------------------------------
[2023-09-09 18:32:55.569] [info]    <?xml version="1.0" encoding="utf-8"?>
[2023-09-09 18:32:55.569] [info]    <configuration>
[2023-09-09 18:32:55.569] [info]       <paths>
[2023-09-09 18:32:55.569] [info]          <media-path>media/</media-path>
[2023-09-09 18:32:55.569] [info]          <log-path disable="false">log/</log-path>
[2023-09-09 18:32:55.569] [info]          <data-path>data/</data-path>
[2023-09-09 18:32:55.569] [info]          <template-path>template/</template-path>
[2023-09-09 18:32:55.569] [info]       </paths>
[2023-09-09 18:32:55.569] [info]       <lock-clear-phrase>secret</lock-clear-phrase>
[2023-09-09 18:32:55.569] [info]       <channels>
[2023-09-09 18:32:55.569] [info]          <channel>
[2023-09-09 18:32:55.569] [info]             <video-mode>720p5000</video-mode>
[2023-09-09 18:32:55.569] [info]             <consumers>
[2023-09-09 18:32:55.569] [info]                <screen/>
[2023-09-09 18:32:55.569] [info]                <system-audio/>
[2023-09-09 18:32:55.569] [info]             </consumers>
[2023-09-09 18:32:55.569] [info]          </channel>
[2023-09-09 18:32:55.569] [info]       </channels>
[2023-09-09 18:32:55.569] [info]       <controllers>
[2023-09-09 18:32:55.569] [info]          <tcp>
[2023-09-09 18:32:55.569] [info]             <port>5250</port>
[2023-09-09 18:32:55.569] [info]             <protocol>AMCP</protocol>
[2023-09-09 18:32:55.569] [info]          </tcp>
[2023-09-09 18:32:55.569] [info]       </controllers>
[2023-09-09 18:32:55.569] [info]       <amcp>
[2023-09-09 18:32:55.569] [info]          <media-server>
[2023-09-09 18:32:55.569] [info]             <host>localhost</host>
[2023-09-09 18:32:55.569] [info]             <port>8000</port>
[2023-09-09 18:32:55.569] [info]          </media-server>
[2023-09-09 18:32:55.569] [info]       </amcp>
[2023-09-09 18:32:55.569] [info]    </configuration>
[2023-09-09 18:32:55.569] [info]    -----------------------------------------

[18:32:55] DEBUG (CasparCG) [2023-09-09 18:32:55.569] [info]    Initialized video modes.

[18:32:55] DEBUG (CasparCG) [2023-09-09 18:32:55.628] [info]    Initializing OpenGL Device.

[18:32:55] DEBUG (CasparCG) [2023-09-09 18:32:55.629] [info]    Initialized OpenGL 4.5 (Core Profile) Mesa 23.3~git2309090600.68a478~oibaf~j (git-68a4788 2023-09-09 jammy-oibaf-ppa) Mesa

[18:32:55] DEBUG (CasparCG) [2023-09-09 18:32:55.636] [info]    Initialized OpenGL Accelerated GPU Image Mixer for channel 1

[18:32:55] DEBUG (CasparCG) [2023-09-09 18:32:55.636] [info]    video_channel[1|720p5000] Successfully Initialized.
[2023-09-09 18:32:55.636] [info]    Initialized channels.

[18:32:55] DEBUG (CasparCG) [2023-09-09 18:32:55.636] [info]    Initialized command repository.

[18:32:55] DEBUG (CasparCG) [2023-09-09 18:32:55.636] [info]    Initialized image module.
[2023-09-09 18:32:55.637] [info]    Initialized ffmpeg module.
[2023-09-09 18:32:55.637] [info]    Initialized oal module.
[2023-09-09 18:32:55.637] [info]    Initialized decklink module.
[2023-09-09 18:32:55.637] [info]    Initialized screen module.
[2023-09-09 18:32:55.637] [info]    Initialized newtek module.
[2023-09-09 18:32:55.637] [info]    Initialized artnet module.

[18:32:55] DEBUG (CasparCG) [2023-09-09 18:32:55.688] [info]    Initialized html module.
[2023-09-09 18:32:55.688] [info]    Initialized modules.

[18:32:55] DEBUG (CasparCG) [2023-09-09 18:32:55.688] [info]    Screen consumer [1|720p5000] Initialized.

[18:32:55] ERROR (CasparCG) [0909/183255.693863:ERROR:gpu_init.cc(453)] Passthrough is not supported, GL is swiftshader, ANGLE is 

[18:32:55] DEBUG (CasparCG) [2023-09-09 18:32:55.713] [info]    oal[1|720p5000] Initialized.
[2023-09-09 18:32:55.713] [info]    Initialized startup producers.

[18:32:55] DEBUG (CasparCG) [2023-09-09 18:32:55.714] [info]    Initialized controllers.
[2023-09-09 18:32:55.714] [info]    Initialized osc.

[18:32:55] ERROR (CasparCG) Setting vertical sync not supported

[18:32:56] INFO Gateway started!
